Vercel CLI 50.17.1
Retrieving project…
Deploying carlos-rivas-s-projects/jandm-painting
Uploading [--------------------] (0.0B/90B)
Uploading [====================] (90.0B/90B)
Inspect: https://vercel.com/carlos-rivas-s-projects/jandm-painting/71xARwuanRtLzono6EdqJRo1nyuB [2s]
Production: https://jandm-painting-cubp5jzsk-carlos-rivas-s-projects.vercel.app [2s]
https://jandm-painting-cubp5jzsk-carlos-rivas-s-projects.vercel.appBuilding...
Building...
Building: Running build in Washington, D.C., USA (East) – iad1
Building: Build machine configuration: 2 cores, 8 GB
Building: Retrieving list of deployment files...
Building: Previous build caches not available.
Building: Downloading 82 deployment files...
Building: Running "vercel build"
Building: Vercel CLI 50.15.1
Building: Running "install" command: `npm install`...
Building: npm warn deprecated whatwg-encoding@3.1.1: Use @exodus/bytes instead for a more spec-conformant and faster implementation
Building: npm warn deprecated glob@10.5.0: Old versions of glob are not supported, and contain widely publicized security vulnerabilities, which have been fixed in the current version. Please update. Support for old versions may be purchased (at exorbitant rates) by contacting i@izs.me
Building: added 1277 packages, and audited 1278 packages in 2m
Building: 308 packages are looking for funding
Building: run `npm fund` for details
Building: found 0 vulnerabilities
Building: Detected Next.js version: 16.1.6
Building: Running "next build"
Building: Attention: Next.js now collects completely anonymous telemetry regarding usage.
Building: This information is used to shape Next.js' roadmap and prioritize features.
Building: You can learn more, including how to opt-out if you'd not like to participate in this anonymous program, by visiting the following URL:
Building: https://nextjs.org/telemetry
Building: ▲ Next.js 16.1.6 (Turbopack)
Building: Creating an optimized production build ...
Building: ✓ Compiled successfully in 12.7s
Building: Running TypeScript ...
Building: Failed to compile.
Building: ./components/Services.tsx:71:15
Building: Type error: Type '{ key: string; service: ServiceItemData; index: number; }' is not assignable to type 'IntrinsicAttributes & Omit<ServiceCardProps, "index">'.
Building: Property 'index' does not exist on type 'IntrinsicAttributes & Omit<ServiceCardProps, "index">'.
Building: 69 |               key={service.title}
Building: 70 |               service={service}
Building: > 71 |               index={index}
Building: |               ^
Building: 72 |             />
Building: 73 |           ))}
Building: 74 |         </div>
Building: Next.js build worker exited with code: 1 and signal: null
Building: Error: Command "next build" exited with 1
Error: Command "next build" exited with 1
